LOCALAPPDATA=C:\Users\user\AppData\Local
Found with vswhere C:\Program Files (x86)\Microsoft Visual Studio\2017\Professional
Found with vswhere C:\Program Files (x86)\Microsoft Visual Studio\2017\Professional
Call_If_Exists "C:\Program Files (x86)\Microsoft Visual Studio\2017\Professional\Common7\Tools\..\..\VC\Auxiliary\Build\vcvarsall.bat"  x86
**********************************************************************
** Visual Studio 2017 Developer Command Prompt v15.9.21
** Copyright (c) 2017 Microsoft Corporation
**********************************************************************
[vcvarsall.bat] Environment initialized for: 'x86'
###
### Using 'vc141' toolset.
###

C:\Users\user\modding\cordisproject\sdk\lib_boost\tools\build\src\engine>cl /nologo /Zi /MT /TP /Feb2 /wd4996 /Ox /GL   -DNDEBUG  builtins.cpp class.cpp command.cpp compile.cpp constants.cpp cwd.cpp debug.cpp debugger.cpp execcmd.cpp execnt.cpp filent.cpp filesys.cpp frames.cpp function.cpp glob.cpp hash.cpp hcache.cpp hdrmacro.cpp headers.cpp jam.cpp jambase.cpp jamgram.cpp lists.cpp make.cpp make1.cpp md5.cpp mem.cpp modules.cpp native.cpp object.cpp option.cpp output.cpp parse.cpp pathnt.cpp pathsys.cpp regexp.cpp rules.cpp scan.cpp search.cpp strings.cpp subst.cpp sysinfo.cpp timestamp.cpp variable.cpp w32_getreg.cpp modules/order.cpp modules/path.cpp modules/property-set.cpp modules/regex.cpp modules/sequence.cpp modules/set.cpp /link kernel32.lib advapi32.lib user32.lib 
builtins.cpp
class.cpp
command.cpp
compile.cpp
constants.cpp
cwd.cpp
debug.cpp
debugger.cpp
execcmd.cpp
execnt.cpp
filent.cpp
filesys.cpp
frames.cpp
function.cpp
glob.cpp
hash.cpp
hcache.cpp
hdrmacro.cpp
headers.cpp
jam.cpp
Compiling...
jambase.cpp
jamgram.cpp
lists.cpp
make.cpp
make1.cpp
md5.cpp
mem.cpp
modules.cpp
native.cpp
object.cpp
option.cpp
output.cpp
parse.cpp
pathnt.cpp
pathsys.cpp
regexp.cpp
rules.cpp
scan.cpp
search.cpp
strings.cpp
Compiling...
subst.cpp
sysinfo.cpp
timestamp.cpp
variable.cpp
w32_getreg.cpp
order.cpp
path.cpp
property-set.cpp
regex.cpp
sequence.cpp
set.cpp
Generating code
Finished generating code

C:\Users\user\modding\cordisproject\sdk\lib_boost\tools\build\src\engine>dir *.exe 
 Том в устройстве C не имеет метки.
 Серийный номер тома: 1803-252E

 Содержимое папки C:\Users\user\modding\cordisproject\sdk\lib_boost\tools\build\src\engine

28.03.2020  21:27           867 328 b2.exe
               1 файлов        867 328 байт
               0 папок  425 924 534 272 байт свободно

C:\Users\user\modding\cordisproject\sdk\lib_boost\tools\build\src\engine>copy /b .\b2.exe .\bjam.exe 
Скопировано файлов:         1.
