Found with vswhere D:\Visual Studio 2019
Found with vswhere D:\Visual Studio 2019
###
### Using 'vc142' toolset.
###

D:\Downloads\boost_1_70_0\tools\build\src\engine>if exist bootstrap rd /S /Q bootstrap 

D:\Downloads\boost_1_70_0\tools\build\src\engine>md bootstrap 

D:\Downloads\boost_1_70_0\tools\build\src\engine>cl /nologo /RTC1 /Zi /MTd /Fobootstrap/ /Fdbootstrap/ -DNT -DYYDEBUG -wd4996 kernel32.lib advapi32.lib user32.lib /Febootstrap\jam0  command.c compile.c constants.c debug.c execcmd.c execnt.c filent.c frames.c function.c glob.c hash.c hdrmacro.c headers.c jam.c jambase.c jamgram.c lists.c make.c make1.c object.c option.c output.c parse.c pathnt.c pathsys.c regexp.c rules.c scan.c search.c subst.c timestamp.c variable.c modules.c strings.c filesys.c builtins.c md5.c class.c cwd.c w32_getreg.c native.c modules/set.c modules/path.c modules/regex.c modules/property-set.c modules/sequence.c modules/order.c 
command.c
compile.c
constants.c
debug.c
execcmd.c
execnt.c
filent.c
frames.c
function.c
glob.c
hash.c
hdrmacro.c
headers.c
jam.c
jambase.c
jamgram.c
lists.c
make.c
make1.c
object.c
Generating Code...
Compiling...
option.c
output.c
parse.c
pathnt.c
pathsys.c
regexp.c
rules.c
scan.c
search.c
subst.c
timestamp.c
variable.c
modules.c
strings.c
filesys.c
builtins.c
md5.c
class.c
cwd.c
w32_getreg.c
Generating Code...
Compiling...
native.c
set.c
path.c
regex.c
property-set.c
sequence.c
order.c
Generating Code...

D:\Downloads\boost_1_70_0\tools\build\src\engine>.\bootstrap\jam0 -f build.jam --toolset=vc142 "--toolset-root=D:\Visual Studio 2019\Common7\Tools\..\..\VC\ "  clean 
...found 1 target...
...updating 1 target...
...updated 1 target...

D:\Downloads\boost_1_70_0\tools\build\src\engine>.\bootstrap\jam0 -f build.jam --toolset=vc142 "--toolset-root=D:\Visual Studio 2019\Common7\Tools\..\..\VC\ "  
...found 161 targets...
...updating 3 targets...
[MKDIR] bin.ntx86
[COMPILE] bin.ntx86\b2.exe
command.c
compile.c
constants.c
debug.c
debugger.c
execcmd.c
frames.c
function.c
glob.c
hash.c
hcache.c
headers.c
hdrmacro.c
jam.c
jambase.c
jamgram.c
lists.c
make.c
make1.c
mem.c
Compiling...
object.c
option.c
output.c
parse.c
pathsys.c
regexp.c
rules.c
scan.c
search.c
subst.c
w32_getreg.c
timestamp.c
variable.c
modules.c
strings.c
filesys.c
builtins.c
class.c
cwd.c
native.c
Compiling...
md5.c
set.c
path.c
regex.c
property-set.c
sequence.c
order.c
execnt.c
filent.c
pathnt.c
Generating code
Finished generating code
[COPY] bin.ntx86\bjam.exe
...updated 3 targets...

D:\Downloads\boost_1_70_0\tools\build\src\engine>exit /b 0 
